[0.055s] DEBUG:colcon:Command line arguments: ['/usr/bin/colcon', 'build']
[0.055s] DEBUG:colcon:Parsed command line arguments: Namespace(log_base=None, log_level=None, verb_name='build', build_base='build', install_base='install', merge_install=False, symlink_install=False, test_result_base=None, continue_on_error=False, executor='parallel', parallel_workers=22, event_handlers=None, ignore_user_meta=False, metas=['./colcon.meta'], base_paths=['.'], packages_ignore=None, packages_ignore_regex=None, paths=None, packages_up_to=None, packages_up_to_regex=None, packages_above=None, packages_above_and_dependencies=None, packages_above_depth=None, packages_select_by_dep=None, packages_skip_by_dep=None, packages_skip_up_to=None, packages_select_build_failed=False, packages_skip_build_finished=False, packages_select_test_failures=False, packages_skip_test_passed=False, packages_select=None, packages_skip=None, packages_select_regex=None, packages_skip_regex=None, packages_start=None, packages_end=None, allow_overriding=[], cmake_args=None, cmake_target=None, cmake_target_skip_unavailable=False, cmake_clean_cache=False, cmake_clean_first=False, cmake_force_configure=False, ament_cmake_args=None, catkin_cmake_args=None, catkin_skip_building_tests=False, mixin_files=None, mixin=None, verb_parser=<colcon_mixin.mixin.mixin_argument.MixinArgumentDecorator object at 0x7d6844b4b760>, verb_extension=<colcon_core.verb.build.BuildVerb object at 0x7d6844c90d30>, main=<bound method BuildVerb.main of <colcon_core.verb.build.BuildVerb object at 0x7d6844c90d30>>, mixin_verb=('build',))
[0.147s] Level 1:colcon.colcon_core.package_discovery:discover_packages(colcon_meta) check parameters
[0.147s] Level 1:colcon.colcon_core.package_discovery:discover_packages(recursive) check parameters
[0.148s] Level 1:colcon.colcon_core.package_discovery:discover_packages(ignore) check parameters
[0.148s] Level 1:colcon.colcon_core.package_discovery:discover_packages(path) check parameters
[0.148s] Level 1:colcon.colcon_core.package_discovery:discover_packages(colcon_meta) discover
[0.148s] Level 1:colcon.colcon_core.package_discovery:discover_packages(recursive) discover
[0.148s] INFO:colcon.colcon_core.package_discovery:Crawling recursively for packages in '/home/rebirther/ros2_ws_ctrl'
[0.148s] Level 1:colcon.colcon_core.package_identification:_identify(.) by extensions ['ignore', 'ignore_ament_install']
[0.148s] Level 1:colcon.colcon_core.package_identification:_identify(.) by extension 'ignore'
[0.148s] Level 1:colcon.colcon_core.package_identification:_identify(.) by extension 'ignore_ament_install'
[0.148s] Level 1:colcon.colcon_core.package_identification:_identify(.) by extensions ['colcon_pkg']
[0.148s] Level 1:colcon.colcon_core.package_identification:_identify(.) by extension 'colcon_pkg'
[0.148s] Level 1:colcon.colcon_core.package_identification:_identify(.) by extensions ['colcon_meta']
[0.148s] Level 1:colcon.colcon_core.package_identification:_identify(.) by extension 'colcon_meta'
[0.148s] Level 1:colcon.colcon_core.package_identification:_identify(.) by extensions ['ros']
[0.148s] Level 1:colcon.colcon_core.package_identification:_identify(.) by extension 'ros'
[0.166s] Level 1:colcon.colcon_core.package_identification:_identify(.) by extensions ['cmake', 'python']
[0.166s] Level 1:colcon.colcon_core.package_identification:_identify(.) by extension 'cmake'
[0.166s] Level 1:colcon.colcon_core.package_identification:_identify(.) by extension 'python'
[0.166s] Level 1:colcon.colcon_core.package_identification:_identify(.) by extensions ['python_setup_py']
[0.166s] Level 1:colcon.colcon_core.package_identification:_identify(.) by extension 'python_setup_py'
[0.167s] Level 1:colcon.colcon_core.package_identification:_identify(build) by extensions ['ignore', 'ignore_ament_install']
[0.167s] Level 1:colcon.colcon_core.package_identification:_identify(build) by extension 'ignore'
[0.167s] Level 1:colcon.colcon_core.package_identification:_identify(build) ignored
[0.167s] Level 1:colcon.colcon_core.package_identification:_identify(install) by extensions ['ignore', 'ignore_ament_install']
[0.167s] Level 1:colcon.colcon_core.package_identification:_identify(install) by extension 'ignore'
[0.167s] Level 1:colcon.colcon_core.package_identification:_identify(install) ignored
[0.167s] Level 1:colcon.colcon_core.package_identification:_identify(log) by extensions ['ignore', 'ignore_ament_install']
[0.167s] Level 1:colcon.colcon_core.package_identification:_identify(log) by extension 'ignore'
[0.167s] Level 1:colcon.colcon_core.package_identification:_identify(log) ignored
[0.167s] Level 1:colcon.colcon_core.package_identification:_identify(src) by extensions ['ignore', 'ignore_ament_install']
[0.167s] Level 1:colcon.colcon_core.package_identification:_identify(src) by extension 'ignore'
[0.167s] Level 1:colcon.colcon_core.package_identification:_identify(src) by extension 'ignore_ament_install'
[0.167s] Level 1:colcon.colcon_core.package_identification:_identify(src) by extensions ['colcon_pkg']
[0.167s] Level 1:colcon.colcon_core.package_identification:_identify(src) by extension 'colcon_pkg'
[0.167s] Level 1:colcon.colcon_core.package_identification:_identify(src) by extensions ['colcon_meta']
[0.167s] Level 1:colcon.colcon_core.package_identification:_identify(src) by extension 'colcon_meta'
[0.167s] Level 1:colcon.colcon_core.package_identification:_identify(src) by extensions ['ros']
[0.167s] Level 1:colcon.colcon_core.package_identification:_identify(src) by extension 'ros'
[0.167s] Level 1:colcon.colcon_core.package_identification:_identify(src) by extensions ['cmake', 'python']
[0.167s] Level 1:colcon.colcon_core.package_identification:_identify(src) by extension 'cmake'
[0.167s] Level 1:colcon.colcon_core.package_identification:_identify(src) by extension 'python'
[0.167s] Level 1:colcon.colcon_core.package_identification:_identify(src) by extensions ['python_setup_py']
[0.167s] Level 1:colcon.colcon_core.package_identification:_identify(src) by extension 'python_setup_py'
[0.167s] Level 1:colcon.colcon_core.package_identification:_identify(src/excavator_ctrl) by extensions ['ignore', 'ignore_ament_install']
[0.167s] Level 1:colcon.colcon_core.package_identification:_identify(src/excavator_ctrl) by extension 'ignore'
[0.167s] Level 1:colcon.colcon_core.package_identification:_identify(src/excavator_ctrl) by extension 'ignore_ament_install'
[0.167s] Level 1:colcon.colcon_core.package_identification:_identify(src/excavator_ctrl) by extensions ['colcon_pkg']
[0.167s] Level 1:colcon.colcon_core.package_identification:_identify(src/excavator_ctrl) by extension 'colcon_pkg'
[0.167s] Level 1:colcon.colcon_core.package_identification:_identify(src/excavator_ctrl) by extensions ['colcon_meta']
[0.167s] Level 1:colcon.colcon_core.package_identification:_identify(src/excavator_ctrl) by extension 'colcon_meta'
[0.167s] Level 1:colcon.colcon_core.package_identification:_identify(src/excavator_ctrl) by extensions ['ros']
[0.167s] Level 1:colcon.colcon_core.package_identification:_identify(src/excavator_ctrl) by extension 'ros'
[0.169s] DEBUG:colcon.colcon_core.package_identification:Package 'src/excavator_ctrl' with type 'ros.ament_python' and name 'excavator_ctrl'
[0.169s] Level 1:colcon.colcon_core.package_identification:_identify(src/my_package) by extensions ['ignore', 'ignore_ament_install']
[0.169s] Level 1:colcon.colcon_core.package_identification:_identify(src/my_package) by extension 'ignore'
[0.169s] Level 1:colcon.colcon_core.package_identification:_identify(src/my_package) by extension 'ignore_ament_install'
[0.169s] Level 1:colcon.colcon_core.package_identification:_identify(src/my_package) by extensions ['colcon_pkg']
[0.169s] Level 1:colcon.colcon_core.package_identification:_identify(src/my_package) by extension 'colcon_pkg'
[0.169s] Level 1:colcon.colcon_core.package_identification:_identify(src/my_package) by extensions ['colcon_meta']
[0.169s] Level 1:colcon.colcon_core.package_identification:_identify(src/my_package) by extension 'colcon_meta'
[0.169s] Level 1:colcon.colcon_core.package_identification:_identify(src/my_package) by extensions ['ros']
[0.169s] Level 1:colcon.colcon_core.package_identification:_identify(src/my_package) by extension 'ros'
[0.170s] DEBUG:colcon.colcon_core.package_identification:Package 'src/my_package' with type 'ros.ament_python' and name 'my_package'
[0.170s] Level 1:colcon.colcon_core.package_discovery:discover_packages(recursive) using defaults
[0.170s] Level 1:colcon.colcon_core.package_discovery:discover_packages(ignore) discover
[0.170s] Level 1:colcon.colcon_core.package_discovery:discover_packages(ignore) using defaults
[0.170s] Level 1:colcon.colcon_core.package_discovery:discover_packages(path) discover
[0.170s] Level 1:colcon.colcon_core.package_discovery:discover_packages(path) using defaults
[0.180s] Level 1:colcon.colcon_core.package_discovery:discover_packages(prefix_path) check parameters
[0.180s] Level 1:colcon.colcon_core.package_discovery:discover_packages(prefix_path) discover
[0.181s] DEBUG:colcon.colcon_installed_package_information.package_discovery:Found 5 installed packages in /home/rebirther/ros2_ws_ms/install
[0.182s] DEBUG:colcon.colcon_installed_package_information.package_discovery:Found 271 installed packages in /opt/ros/humble
[0.182s] Level 1:colcon.colcon_core.package_discovery:discover_packages(prefix_path) using defaults
[0.200s] Level 5:colcon.colcon_core.verb:set package 'excavator_ctrl' build argument 'cmake_args' from command line to 'None'
[0.200s] Level 5:colcon.colcon_core.verb:set package 'excavator_ctrl' build argument 'cmake_target' from command line to 'None'
[0.200s] Level 5:colcon.colcon_core.verb:set package 'excavator_ctrl' build argument 'cmake_target_skip_unavailable' from command line to 'False'
[0.200s] Level 5:colcon.colcon_core.verb:set package 'excavator_ctrl' build argument 'cmake_clean_cache' from command line to 'False'
[0.200s] Level 5:colcon.colcon_core.verb:set package 'excavator_ctrl' build argument 'cmake_clean_first' from command line to 'False'
[0.200s] Level 5:colcon.colcon_core.verb:set package 'excavator_ctrl' build argument 'cmake_force_configure' from command line to 'False'
[0.200s] Level 5:colcon.colcon_core.verb:set package 'excavator_ctrl' build argument 'ament_cmake_args' from command line to 'None'
[0.200s] Level 5:colcon.colcon_core.verb:set package 'excavator_ctrl' build argument 'catkin_cmake_args' from command line to 'None'
[0.200s] Level 5:colcon.colcon_core.verb:set package 'excavator_ctrl' build argument 'catkin_skip_building_tests' from command line to 'False'
[0.200s] DEBUG:colcon.colcon_core.verb:Building package 'excavator_ctrl' with the following arguments: {'ament_cmake_args': None, 'build_base': '/home/rebirther/ros2_ws_ctrl/build/excavator_ctrl', 'catkin_cmake_args': None, 'catkin_skip_building_tests': False, 'cmake_args': None, 'cmake_clean_cache': False, 'cmake_clean_first': False, 'cmake_force_configure': False, 'cmake_target': None, 'cmake_target_skip_unavailable': False, 'install_base': '/home/rebirther/ros2_ws_ctrl/install/excavator_ctrl', 'merge_install': False, 'path': '/home/rebirther/ros2_ws_ctrl/src/excavator_ctrl', 'symlink_install': False, 'test_result_base': None}
[0.200s] Level 5:colcon.colcon_core.verb:set package 'my_package' build argument 'cmake_args' from command line to 'None'
[0.200s] Level 5:colcon.colcon_core.verb:set package 'my_package' build argument 'cmake_target' from command line to 'None'
[0.200s] Level 5:colcon.colcon_core.verb:set package 'my_package' build argument 'cmake_target_skip_unavailable' from command line to 'False'
[0.200s] Level 5:colcon.colcon_core.verb:set package 'my_package' build argument 'cmake_clean_cache' from command line to 'False'
[0.200s] Level 5:colcon.colcon_core.verb:set package 'my_package' build argument 'cmake_clean_first' from command line to 'False'
[0.200s] Level 5:colcon.colcon_core.verb:set package 'my_package' build argument 'cmake_force_configure' from command line to 'False'
[0.200s] Level 5:colcon.colcon_core.verb:set package 'my_package' build argument 'ament_cmake_args' from command line to 'None'
[0.200s] Level 5:colcon.colcon_core.verb:set package 'my_package' build argument 'catkin_cmake_args' from command line to 'None'
[0.200s] Level 5:colcon.colcon_core.verb:set package 'my_package' build argument 'catkin_skip_building_tests' from command line to 'False'
[0.200s] DEBUG:colcon.colcon_core.verb:Building package 'my_package' with the following arguments: {'ament_cmake_args': None, 'build_base': '/home/rebirther/ros2_ws_ctrl/build/my_package', 'catkin_cmake_args': None, 'catkin_skip_building_tests': False, 'cmake_args': None, 'cmake_clean_cache': False, 'cmake_clean_first': False, 'cmake_force_configure': False, 'cmake_target': None, 'cmake_target_skip_unavailable': False, 'install_base': '/home/rebirther/ros2_ws_ctrl/install/my_package', 'merge_install': False, 'path': '/home/rebirther/ros2_ws_ctrl/src/my_package', 'symlink_install': False, 'test_result_base': None}
[0.201s] INFO:colcon.colcon_core.executor:Executing jobs using 'parallel' executor
[0.201s] DEBUG:colcon.colcon_parallel_executor.executor.parallel:run_until_complete
[0.201s] INFO:colcon.colcon_ros.task.ament_python.build:Building ROS package in '/home/rebirther/ros2_ws_ctrl/src/excavator_ctrl' with build type 'ament_python'
[0.201s] Level 1:colcon.colcon_core.shell:create_environment_hook('excavator_ctrl', 'ament_prefix_path')
[0.203s] INFO:colcon.colcon_core.plugin_system:Skipping extension 'colcon_core.shell.bat': Not used on non-Windows systems
[0.203s] INFO:colcon.colcon_core.shell:Creating environment hook '/home/rebirther/ros2_ws_ctrl/install/excavator_ctrl/share/excavator_ctrl/hook/ament_prefix_path.ps1'
[0.203s] INFO:colcon.colcon_core.shell:Creating environment descriptor '/home/rebirther/ros2_ws_ctrl/install/excavator_ctrl/share/excavator_ctrl/hook/ament_prefix_path.dsv'
[0.203s] INFO:colcon.colcon_core.shell:Creating environment hook '/home/rebirther/ros2_ws_ctrl/install/excavator_ctrl/share/excavator_ctrl/hook/ament_prefix_path.sh'
[0.204s] INFO:colcon.colcon_core.shell:Skip shell extension 'powershell' for command environment: Not usable outside of PowerShell
[0.204s] DEBUG:colcon.colcon_core.shell:Skip shell extension 'dsv' for command environment
[0.205s] INFO:colcon.colcon_ros.task.ament_python.build:Building ROS package in '/home/rebirther/ros2_ws_ctrl/src/my_package' with build type 'ament_python'
[0.205s] Level 1:colcon.colcon_core.shell:create_environment_hook('my_package', 'ament_prefix_path')
[0.206s] INFO:colcon.colcon_core.shell:Creating environment hook '/home/rebirther/ros2_ws_ctrl/install/my_package/share/my_package/hook/ament_prefix_path.ps1'
[0.206s] INFO:colcon.colcon_core.shell:Creating environment descriptor '/home/rebirther/ros2_ws_ctrl/install/my_package/share/my_package/hook/ament_prefix_path.dsv'
[0.206s] INFO:colcon.colcon_core.shell:Creating environment hook '/home/rebirther/ros2_ws_ctrl/install/my_package/share/my_package/hook/ament_prefix_path.sh'
[0.206s] INFO:colcon.colcon_core.shell:Skip shell extension 'powershell' for command environment: Not usable outside of PowerShell
[0.206s] DEBUG:colcon.colcon_core.shell:Skip shell extension 'dsv' for command environment
[0.341s] INFO:colcon.colcon_core.task.python.build:Building Python package in '/home/rebirther/ros2_ws_ctrl/src/excavator_ctrl'
[0.341s] INFO:colcon.colcon_core.shell:Skip shell extension 'powershell' for command environment: Not usable outside of PowerShell
[0.341s] DEBUG:colcon.colcon_core.shell:Skip shell extension 'dsv' for command environment
[0.475s] INFO:colcon.colcon_core.task.python.build:Building Python package in '/home/rebirther/ros2_ws_ctrl/src/my_package'
[0.476s] INFO:colcon.colcon_core.shell:Skip shell extension 'powershell' for command environment: Not usable outside of PowerShell
[0.476s] DEBUG:colcon.colcon_core.shell:Skip shell extension 'dsv' for command environment
[0.657s] DEBUG:colcon.colcon_core.event_handler.log_command:Invoking command in '/home/rebirther/ros2_ws_ctrl/src/my_package': PYTHONPATH=/home/rebirther/ros2_ws_ctrl/build/my_package/prefix_override:/usr/lib/python3/dist-packages/colcon_core/task/python/colcon_distutils_commands:/home/rebirther/ros2_ws_ctrl/install/my_package/lib/python3.10/site-packages:${PYTHONPATH} /usr/bin/python3 -W ignore:setup.py install is deprecated -W ignore:easy_install command is deprecated setup.py egg_info --egg-base ../../build/my_package build --build-base /home/rebirther/ros2_ws_ctrl/build/my_package/build install --record /home/rebirther/ros2_ws_ctrl/build/my_package/install.log --single-version-externally-managed install_data
[0.660s] DEBUG:colcon.colcon_core.event_handler.log_command:Invoking command in '/home/rebirther/ros2_ws_ctrl/src/excavator_ctrl': PYTHONPATH=/home/rebirther/ros2_ws_ctrl/build/excavator_ctrl/prefix_override:/usr/lib/python3/dist-packages/colcon_core/task/python/colcon_distutils_commands:/home/rebirther/ros2_ws_ctrl/install/excavator_ctrl/lib/python3.10/site-packages:${PYTHONPATH} /usr/bin/python3 -W ignore:setup.py install is deprecated -W ignore:easy_install command is deprecated setup.py egg_info --egg-base ../../build/excavator_ctrl build --build-base /home/rebirther/ros2_ws_ctrl/build/excavator_ctrl/build install --record /home/rebirther/ros2_ws_ctrl/build/excavator_ctrl/install.log --single-version-externally-managed install_data
[0.813s] DEBUG:colcon.colcon_core.event_handler.log_command:Invoked command in '/home/rebirther/ros2_ws_ctrl/src/my_package' returned '0': PYTHONPATH=/home/rebirther/ros2_ws_ctrl/build/my_package/prefix_override:/usr/lib/python3/dist-packages/colcon_core/task/python/colcon_distutils_commands:/home/rebirther/ros2_ws_ctrl/install/my_package/lib/python3.10/site-packages:${PYTHONPATH} /usr/bin/python3 -W ignore:setup.py install is deprecated -W ignore:easy_install command is deprecated setup.py egg_info --egg-base ../../build/my_package build --build-base /home/rebirther/ros2_ws_ctrl/build/my_package/build install --record /home/rebirther/ros2_ws_ctrl/build/my_package/install.log --single-version-externally-managed install_data
[0.815s] Level 1:colcon.colcon_core.environment:checking '/home/rebirther/ros2_ws_ctrl/install/my_package' for CMake module files
[0.815s] Level 1:colcon.colcon_core.environment:checking '/home/rebirther/ros2_ws_ctrl/install/my_package' for CMake config files
[0.815s] Level 1:colcon.colcon_core.environment:checking '/home/rebirther/ros2_ws_ctrl/install/my_package/lib'
[0.816s] Level 1:colcon.colcon_core.environment:checking '/home/rebirther/ros2_ws_ctrl/install/my_package/bin'
[0.816s] Level 1:colcon.colcon_core.environment:checking '/home/rebirther/ros2_ws_ctrl/install/my_package/lib/pkgconfig/my_package.pc'
[0.816s] Level 1:colcon.colcon_core.environment:checking '/home/rebirther/ros2_ws_ctrl/install/my_package/lib/python3.10/site-packages'
[0.816s] Level 1:colcon.colcon_core.shell:create_environment_hook('my_package', 'pythonpath')
[0.816s] INFO:colcon.colcon_core.shell:Creating environment hook '/home/rebirther/ros2_ws_ctrl/install/my_package/share/my_package/hook/pythonpath.ps1'
[0.816s] INFO:colcon.colcon_core.shell:Creating environment descriptor '/home/rebirther/ros2_ws_ctrl/install/my_package/share/my_package/hook/pythonpath.dsv'
[0.816s] INFO:colcon.colcon_core.shell:Creating environment hook '/home/rebirther/ros2_ws_ctrl/install/my_package/share/my_package/hook/pythonpath.sh'
[0.817s] Level 1:colcon.colcon_core.environment:checking '/home/rebirther/ros2_ws_ctrl/install/my_package/bin'
[0.817s] Level 1:colcon.colcon_core.environment:create_environment_scripts_only(my_package)
[0.817s] INFO:colcon.colcon_core.shell:Creating package script '/home/rebirther/ros2_ws_ctrl/install/my_package/share/my_package/package.ps1'
[0.817s] INFO:colcon.colcon_core.shell:Creating package descriptor '/home/rebirther/ros2_ws_ctrl/install/my_package/share/my_package/package.dsv'
[0.817s] INFO:colcon.colcon_core.shell:Creating package script '/home/rebirther/ros2_ws_ctrl/install/my_package/share/my_package/package.sh'
[0.818s] INFO:colcon.colcon_core.shell:Creating package script '/home/rebirther/ros2_ws_ctrl/install/my_package/share/my_package/package.bash'
[0.818s] INFO:colcon.colcon_core.shell:Creating package script '/home/rebirther/ros2_ws_ctrl/install/my_package/share/my_package/package.zsh'
[0.818s] Level 1:colcon.colcon_core.environment:create_file_with_runtime_dependencies(/home/rebirther/ros2_ws_ctrl/install/my_package/share/colcon-core/packages/my_package)
[0.824s] Level 1:colcon.colcon_core.environment:checking '/home/rebirther/ros2_ws_ctrl/install/excavator_ctrl' for CMake module files
[0.824s] DEBUG:colcon.colcon_core.event_handler.log_command:Invoked command in '/home/rebirther/ros2_ws_ctrl/src/excavator_ctrl' returned '0': PYTHONPATH=/home/rebirther/ros2_ws_ctrl/build/excavator_ctrl/prefix_override:/usr/lib/python3/dist-packages/colcon_core/task/python/colcon_distutils_commands:/home/rebirther/ros2_ws_ctrl/install/excavator_ctrl/lib/python3.10/site-packages:${PYTHONPATH} /usr/bin/python3 -W ignore:setup.py install is deprecated -W ignore:easy_install command is deprecated setup.py egg_info --egg-base ../../build/excavator_ctrl build --build-base /home/rebirther/ros2_ws_ctrl/build/excavator_ctrl/build install --record /home/rebirther/ros2_ws_ctrl/build/excavator_ctrl/install.log --single-version-externally-managed install_data
[0.825s] Level 1:colcon.colcon_core.environment:checking '/home/rebirther/ros2_ws_ctrl/install/excavator_ctrl' for CMake config files
[0.825s] Level 1:colcon.colcon_core.environment:checking '/home/rebirther/ros2_ws_ctrl/install/excavator_ctrl/lib'
[0.825s] Level 1:colcon.colcon_core.environment:checking '/home/rebirther/ros2_ws_ctrl/install/excavator_ctrl/bin'
[0.825s] Level 1:colcon.colcon_core.environment:checking '/home/rebirther/ros2_ws_ctrl/install/excavator_ctrl/lib/pkgconfig/excavator_ctrl.pc'
[0.825s] Level 1:colcon.colcon_core.environment:checking '/home/rebirther/ros2_ws_ctrl/install/excavator_ctrl/lib/python3.10/site-packages'
[0.825s] Level 1:colcon.colcon_core.shell:create_environment_hook('excavator_ctrl', 'pythonpath')
[0.825s] INFO:colcon.colcon_core.shell:Creating environment hook '/home/rebirther/ros2_ws_ctrl/install/excavator_ctrl/share/excavator_ctrl/hook/pythonpath.ps1'
[0.825s] INFO:colcon.colcon_core.shell:Creating environment descriptor '/home/rebirther/ros2_ws_ctrl/install/excavator_ctrl/share/excavator_ctrl/hook/pythonpath.dsv'
[0.826s] INFO:colcon.colcon_core.shell:Creating environment hook '/home/rebirther/ros2_ws_ctrl/install/excavator_ctrl/share/excavator_ctrl/hook/pythonpath.sh'
[0.826s] Level 1:colcon.colcon_core.environment:checking '/home/rebirther/ros2_ws_ctrl/install/excavator_ctrl/bin'
[0.826s] Level 1:colcon.colcon_core.environment:create_environment_scripts_only(excavator_ctrl)
[0.826s] INFO:colcon.colcon_core.shell:Creating package script '/home/rebirther/ros2_ws_ctrl/install/excavator_ctrl/share/excavator_ctrl/package.ps1'
[0.826s] INFO:colcon.colcon_core.shell:Creating package descriptor '/home/rebirther/ros2_ws_ctrl/install/excavator_ctrl/share/excavator_ctrl/package.dsv'
[0.826s] INFO:colcon.colcon_core.shell:Creating package script '/home/rebirther/ros2_ws_ctrl/install/excavator_ctrl/share/excavator_ctrl/package.sh'
[0.827s] INFO:colcon.colcon_core.shell:Creating package script '/home/rebirther/ros2_ws_ctrl/install/excavator_ctrl/share/excavator_ctrl/package.bash'
[0.827s] INFO:colcon.colcon_core.shell:Creating package script '/home/rebirther/ros2_ws_ctrl/install/excavator_ctrl/share/excavator_ctrl/package.zsh'
[0.827s] Level 1:colcon.colcon_core.environment:create_file_with_runtime_dependencies(/home/rebirther/ros2_ws_ctrl/install/excavator_ctrl/share/colcon-core/packages/excavator_ctrl)
[0.827s] DEBUG:colcon.colcon_parallel_executor.executor.parallel:closing loop
[0.827s] DEBUG:colcon.colcon_parallel_executor.executor.parallel:loop closed
[0.827s] DEBUG:colcon.colcon_parallel_executor.executor.parallel:run_until_complete finished with '0'
[0.827s] DEBUG:colcon.colcon_core.event_reactor:joining thread
[0.832s] INFO:colcon.colcon_core.plugin_system:Skipping extension 'colcon_notification.desktop_notification.terminal_notifier': Not used on non-Darwin systems
[0.832s] INFO:colcon.colcon_core.plugin_system:Skipping extension 'colcon_notification.desktop_notification.win32': Not used on non-Windows systems
[0.832s] INFO:colcon.colcon_notification.desktop_notification:Sending desktop notification using 'notify2'
[0.843s] DEBUG:colcon.colcon_core.event_reactor:joined thread
[0.843s] INFO:colcon.colcon_core.shell:Creating prefix script '/home/rebirther/ros2_ws_ctrl/install/local_setup.ps1'
[0.843s] INFO:colcon.colcon_core.shell:Creating prefix util module '/home/rebirther/ros2_ws_ctrl/install/_local_setup_util_ps1.py'
[0.844s] INFO:colcon.colcon_core.shell:Creating prefix chain script '/home/rebirther/ros2_ws_ctrl/install/setup.ps1'
[0.845s] INFO:colcon.colcon_core.shell:Creating prefix script '/home/rebirther/ros2_ws_ctrl/install/local_setup.sh'
[0.845s] INFO:colcon.colcon_core.shell:Creating prefix util module '/home/rebirther/ros2_ws_ctrl/install/_local_setup_util_sh.py'
[0.845s] INFO:colcon.colcon_core.shell:Creating prefix chain script '/home/rebirther/ros2_ws_ctrl/install/setup.sh'
[0.846s] INFO:colcon.colcon_core.shell:Creating prefix script '/home/rebirther/ros2_ws_ctrl/install/local_setup.bash'
[0.846s] INFO:colcon.colcon_core.shell:Creating prefix chain script '/home/rebirther/ros2_ws_ctrl/install/setup.bash'
[0.846s] INFO:colcon.colcon_core.shell:Creating prefix script '/home/rebirther/ros2_ws_ctrl/install/local_setup.zsh'
[0.846s] INFO:colcon.colcon_core.shell:Creating prefix chain script '/home/rebirther/ros2_ws_ctrl/install/setup.zsh'
