[0.451s] Invoking command in '/home/rebirther/ros2_ws_ctrl/src/my_package': PYTHONPATH=/home/rebirther/ros2_ws_ctrl/build/my_package/prefix_override:/usr/lib/python3/dist-packages/colcon_core/task/python/colcon_distutils_commands:/home/rebirther/ros2_ws_ctrl/install/my_package/lib/python3.10/site-packages:${PYTHONPATH} /usr/bin/python3 -W ignore:setup.py install is deprecated -W ignore:easy_install command is deprecated setup.py egg_info --egg-base ../../build/my_package build --build-base /home/rebirther/ros2_ws_ctrl/build/my_package/build install --record /home/rebirther/ros2_ws_ctrl/build/my_package/install.log --single-version-externally-managed install_data
[0.578s] running egg_info
[0.579s] creating ../../build/my_package/my_package.egg-info
[0.579s] writing ../../build/my_package/my_package.egg-info/PKG-INFO
[0.579s] writing dependency_links to ../../build/my_package/my_package.egg-info/dependency_links.txt
[0.579s] writing entry points to ../../build/my_package/my_package.egg-info/entry_points.txt
[0.579s] writing requirements to ../../build/my_package/my_package.egg-info/requires.txt
[0.579s] writing top-level names to ../../build/my_package/my_package.egg-info/top_level.txt
[0.579s] writing manifest file '../../build/my_package/my_package.egg-info/SOURCES.txt'
[0.580s] reading manifest file '../../build/my_package/my_package.egg-info/SOURCES.txt'
[0.580s] writing manifest file '../../build/my_package/my_package.egg-info/SOURCES.txt'
[0.580s] running build
[0.580s] running build_py
[0.580s] creating /home/rebirther/ros2_ws_ctrl/build/my_package/build
[0.580s] creating /home/rebirther/ros2_ws_ctrl/build/my_package/build/lib
[0.580s] creating /home/rebirther/ros2_ws_ctrl/build/my_package/build/lib/my_package
[0.580s] copying my_package/__init__.py -> /home/rebirther/ros2_ws_ctrl/build/my_package/build/lib/my_package
[0.581s] running install
[0.581s] running install_lib
[0.581s] creating /home/rebirther/ros2_ws_ctrl/install/my_package/lib/python3.10/site-packages/my_package
[0.581s] copying /home/rebirther/ros2_ws_ctrl/build/my_package/build/lib/my_package/__init__.py -> /home/rebirther/ros2_ws_ctrl/install/my_package/lib/python3.10/site-packages/my_package
[0.581s] byte-compiling /home/rebirther/ros2_ws_ctrl/install/my_package/lib/python3.10/site-packages/my_package/__init__.py to __init__.cpython-310.pyc
[0.581s] running install_data
[0.581s] creating /home/rebirther/ros2_ws_ctrl/install/my_package/share/ament_index
[0.581s] creating /home/rebirther/ros2_ws_ctrl/install/my_package/share/ament_index/resource_index
[0.581s] creating /home/rebirther/ros2_ws_ctrl/install/my_package/share/ament_index/resource_index/packages
[0.581s] copying resource/my_package -> /home/rebirther/ros2_ws_ctrl/install/my_package/share/ament_index/resource_index/packages
[0.582s] copying package.xml -> /home/rebirther/ros2_ws_ctrl/install/my_package/share/my_package
[0.582s] running install_egg_info
[0.582s] Copying ../../build/my_package/my_package.egg-info to /home/rebirther/ros2_ws_ctrl/install/my_package/lib/python3.10/site-packages/my_package-0.0.0-py3.10.egg-info
[0.583s] running install_scripts
[0.593s] writing list of installed files to '/home/rebirther/ros2_ws_ctrl/build/my_package/install.log'
[0.608s] Invoked command in '/home/rebirther/ros2_ws_ctrl/src/my_package' returned '0': PYTHONPATH=/home/rebirther/ros2_ws_ctrl/build/my_package/prefix_override:/usr/lib/python3/dist-packages/colcon_core/task/python/colcon_distutils_commands:/home/rebirther/ros2_ws_ctrl/install/my_package/lib/python3.10/site-packages:${PYTHONPATH} /usr/bin/python3 -W ignore:setup.py install is deprecated -W ignore:easy_install command is deprecated setup.py egg_info --egg-base ../../build/my_package build --build-base /home/rebirther/ros2_ws_ctrl/build/my_package/build install --record /home/rebirther/ros2_ws_ctrl/build/my_package/install.log --single-version-externally-managed install_data
