[0.458s] Invoking command in '/home/rebirther/ros2_ws_ctrl/src/excavator_ctrl': PYTHONPATH=/home/rebirther/ros2_ws_ctrl/build/excavator_ctrl/prefix_override:/usr/lib/python3/dist-packages/colcon_core/task/python/colcon_distutils_commands:/home/rebirther/ros2_ws_ctrl/install/excavator_ctrl/lib/python3.10/site-packages:${PYTHONPATH} /usr/bin/python3 -W ignore:setup.py install is deprecated -W ignore:easy_install command is deprecated setup.py egg_info --egg-base ../../build/excavator_ctrl build --build-base /home/rebirther/ros2_ws_ctrl/build/excavator_ctrl/build install --record /home/rebirther/ros2_ws_ctrl/build/excavator_ctrl/install.log --single-version-externally-managed install_data
[0.591s] running egg_info
[0.591s] creating ../../build/excavator_ctrl/excavator_ctrl.egg-info
[0.591s] writing ../../build/excavator_ctrl/excavator_ctrl.egg-info/PKG-INFO
[0.591s] writing dependency_links to ../../build/excavator_ctrl/excavator_ctrl.egg-info/dependency_links.txt
[0.591s] writing entry points to ../../build/excavator_ctrl/excavator_ctrl.egg-info/entry_points.txt
[0.591s] writing requirements to ../../build/excavator_ctrl/excavator_ctrl.egg-info/requires.txt
[0.592s] writing top-level names to ../../build/excavator_ctrl/excavator_ctrl.egg-info/top_level.txt
[0.592s] writing manifest file '../../build/excavator_ctrl/excavator_ctrl.egg-info/SOURCES.txt'
[0.592s] reading manifest file '../../build/excavator_ctrl/excavator_ctrl.egg-info/SOURCES.txt'
[0.593s] writing manifest file '../../build/excavator_ctrl/excavator_ctrl.egg-info/SOURCES.txt'
[0.593s] running build
[0.593s] running build_py
[0.593s] creating /home/rebirther/ros2_ws_ctrl/build/excavator_ctrl/build
[0.593s] creating /home/rebirther/ros2_ws_ctrl/build/excavator_ctrl/build/lib
[0.593s] creating /home/rebirther/ros2_ws_ctrl/build/excavator_ctrl/build/lib/excavator_ctrl
[0.593s] copying excavator_ctrl/__init__.py -> /home/rebirther/ros2_ws_ctrl/build/excavator_ctrl/build/lib/excavator_ctrl
[0.593s] running install
[0.593s] running install_lib
[0.593s] creating /home/rebirther/ros2_ws_ctrl/install/excavator_ctrl/lib/python3.10/site-packages/excavator_ctrl
[0.593s] copying /home/rebirther/ros2_ws_ctrl/build/excavator_ctrl/build/lib/excavator_ctrl/__init__.py -> /home/rebirther/ros2_ws_ctrl/install/excavator_ctrl/lib/python3.10/site-packages/excavator_ctrl
[0.594s] byte-compiling /home/rebirther/ros2_ws_ctrl/install/excavator_ctrl/lib/python3.10/site-packages/excavator_ctrl/__init__.py to __init__.cpython-310.pyc
[0.594s] running install_data
[0.594s] creating /home/rebirther/ros2_ws_ctrl/install/excavator_ctrl/share/ament_index
[0.594s] creating /home/rebirther/ros2_ws_ctrl/install/excavator_ctrl/share/ament_index/resource_index
[0.594s] creating /home/rebirther/ros2_ws_ctrl/install/excavator_ctrl/share/ament_index/resource_index/packages
[0.594s] copying resource/excavator_ctrl -> /home/rebirther/ros2_ws_ctrl/install/excavator_ctrl/share/ament_index/resource_index/packages
[0.594s] copying package.xml -> /home/rebirther/ros2_ws_ctrl/install/excavator_ctrl/share/excavator_ctrl
[0.594s] running install_egg_info
[0.595s] Copying ../../build/excavator_ctrl/excavator_ctrl.egg-info to /home/rebirther/ros2_ws_ctrl/install/excavator_ctrl/lib/python3.10/site-packages/excavator_ctrl-0.0.0-py3.10.egg-info
[0.595s] running install_scripts
[0.606s] writing list of installed files to '/home/rebirther/ros2_ws_ctrl/build/excavator_ctrl/install.log'
[0.622s] Invoked command in '/home/rebirther/ros2_ws_ctrl/src/excavator_ctrl' returned '0': PYTHONPATH=/home/rebirther/ros2_ws_ctrl/build/excavator_ctrl/prefix_override:/usr/lib/python3/dist-packages/colcon_core/task/python/colcon_distutils_commands:/home/rebirther/ros2_ws_ctrl/install/excavator_ctrl/lib/python3.10/site-packages:${PYTHONPATH} /usr/bin/python3 -W ignore:setup.py install is deprecated -W ignore:easy_install command is deprecated setup.py egg_info --egg-base ../../build/excavator_ctrl build --build-base /home/rebirther/ros2_ws_ctrl/build/excavator_ctrl/build install --record /home/rebirther/ros2_ws_ctrl/build/excavator_ctrl/install.log --single-version-externally-managed install_data
